WARNING: A restricted method in java.lang.System has been called
WARNING: java.lang.System::load has been called by com.sun.glass.utils.NativeLibLoader in module javafx.graphics (file:/D:/IIT/Java/Hotel%20Pro/lib_modules/javafx.graphics.jar)
WARNING: Use --enable-native-access=javafx.graphics to avoid a warning for callers in this module
WARNING: Restricted methods will be blocked in a future release unless native access is enabled

Exception in Application start method
Exception in thread "main" java.lang.RuntimeException: Exception in Application start method
	at javafx.graphics/com.sun.javafx.application.LauncherImpl.launchApplication1(LauncherImpl.java:901)
	at javafx.graphics/com.sun.javafx.application.LauncherImpl.lambda$launchApplication$2(LauncherImpl.java:196)
	at java.base/java.lang.Thread.run(Thread.java:1474)
Caused by: javafx.fxml.LoadException: 
/D:/IIT/Java/Hotel%20Pro/hotelpro/views/connexion.fxml:75

	at javafx.fxml/javafx.fxml.FXMLLoader.constructLoadException(FXMLLoader.java:2714)
	at javafx.fxml/javafx.fxml.FXMLLoader.loadImpl(FXMLLoader.java:2692)
	at javafx.fxml/javafx.fxml.FXMLLoader.loadImpl(FXMLLoader.java:2555)
	at javafx.fxml/javafx.fxml.FXMLLoader.loadImpl(FXMLLoader.java:3368)
	at javafx.fxml/javafx.fxml.FXMLLoader.loadImpl(FXMLLoader.java:3324)
	at javafx.fxml/javafx.fxml.FXMLLoader.loadImpl(FXMLLoader.java:3292)
	at javafx.fxml/javafx.fxml.FXMLLoader.loadImpl(FXMLLoader.java:3264)
	at javafx.fxml/javafx.fxml.FXMLLoader.loadImpl(FXMLLoader.java:3240)
	at javafx.fxml/javafx.fxml.FXMLLoader.load(FXMLLoader.java:3233)
	at hotelpro.ApplicationPrincipale.start(ApplicationPrincipale.java:36)
	at javafx.graphics/com.sun.javafx.application.LauncherImpl.lambda$launchApplication1$9(LauncherImpl.java:847)
	at javafx.graphics/com.sun.javafx.application.PlatformImpl.lambda$runAndWait$12(PlatformImpl.java:484)
	at javafx.graphics/com.sun.javafx.application.PlatformImpl.lambda$runLater$10(PlatformImpl.java:457)
	at java.base/java.security.AccessController.doPrivileged(AccessController.java:138)
	at javafx.graphics/com.sun.javafx.application.PlatformImpl.lambda$runLater$11(PlatformImpl.java:456)
	at javafx.graphics/com.sun.glass.ui.InvokeLaterDispatcher$Future.run(InvokeLaterDispatcher.java:96)
	at javafx.graphics/com.sun.glass.ui.win.WinApplication._runLoop(Native Method)
	at javafx.graphics/com.sun.glass.ui.win.WinApplication.lambda$runLoop$3(WinApplication.java:184)
	... 1 more
Caused by: java.lang.IllegalArgumentException: Unable to coerce 40 40 40 40 to class javafx.geometry.Insets.
	at javafx.fxml/com.sun.javafx.fxml.BeanAdapter.coerce(BeanAdapter.java:497)
	at javafx.fxml/com.sun.javafx.fxml.BeanAdapter.put(BeanAdapter.java:259)
	at javafx.fxml/com.sun.javafx.fxml.BeanAdapter.put(BeanAdapter.java:54)
	at javafx.fxml/javafx.fxml.FXMLLoader$Element.applyProperty(FXMLLoader.java:523)
	at javafx.fxml/javafx.fxml.FXMLLoader$Element.processValue(FXMLLoader.java:373)
	at javafx.fxml/javafx.fxml.FXMLLoader$Element.processPropertyAttribute(FXMLLoader.java:335)
	at javafx.fxml/javafx.fxml.FXMLLoader$Element.processInstancePropertyAttributes(FXMLLoader.java:245)
	at javafx.fxml/javafx.fxml.FXMLLoader$ValueElement.processEndElement(FXMLLoader.java:778)
	at javafx.fxml/javafx.fxml.FXMLLoader.processEndElement(FXMLLoader.java:2961)
	at javafx.fxml/javafx.fxml.FXMLLoader.loadImpl(FXMLLoader.java:2646)
	... 17 more
